<?xml version="1.0" encoding="UTF-8"?>
<robot generator="Robot 4.1.1 (Python 3.9.7 on win32)" generated="20210925 00:02:53.508" rpa="false" schemaversion="2">
<suite id="s1" name="TestSitePracticeBDD" source="D:\Estudo_Robot\tests\TestSitePracticeBDD.robot">
<test id="s1-t1" name="Caso de Teste 01: Pesquisar produto existente">
<kw name="Abrir navegador" type="SETUP">
<kw name="Open Browser" library="SeleniumLibrary">
<arg>http://automationpractice.com</arg>
<arg>googlechrome</arg>
<doc>Opens a new browser instance to the optional ``url``.</doc>
<msg timestamp="20210925 00:02:53.899" level="INFO">Opening browser 'googlechrome' to base url 'http://automationpractice.com'.</msg>
<status status="PASS" starttime="20210925 00:02:53.899" endtime="20210925 00:02:59.162"/>
</kw>
<kw name="Maximize Browser Window" library="SeleniumLibrary">
<doc>Maximizes current browser window.</doc>
<status status="PASS" starttime="20210925 00:02:59.163" endtime="20210925 00:02:59.300"/>
</kw>
<status status="PASS" starttime="20210925 00:02:53.899" endtime="20210925 00:02:59.301"/>
</kw>
<kw name="Dado que estou na página home do site">
<kw name="Title Should Be" library="SeleniumLibrary">
<arg>My Store</arg>
<doc>Verifies that the current page title equals ``title``.</doc>
<msg timestamp="20210925 00:02:59.308" level="INFO">Page title is 'My Store'.</msg>
<status status="PASS" starttime="20210925 00:02:59.302" endtime="20210925 00:02:59.308"/>
</kw>
<status status="PASS" starttime="20210925 00:02:59.301" endtime="20210925 00:02:59.308"/>
</kw>
<kw name="Quando eu pesquisar pelo produto &quot;Blouse&quot;" sourcename="Quando eu pesquisar pelo produto &quot;${PRODUTO}&quot;">
<kw name="Input Text" library="SeleniumLibrary">
<arg>search_query_top</arg>
<arg>${PRODUTO}</arg>
<doc>Types the given ``text`` into the text field identified by ``locator``.</doc>
<msg timestamp="20210925 00:02:59.310" level="INFO">Typing text 'Blouse' into text field 'search_query_top'.</msg>
<status status="PASS" starttime="20210925 00:02:59.309" endtime="20210925 00:02:59.455"/>
</kw>
<kw name="Click Element" library="SeleniumLibrary">
<arg>submit_search</arg>
<doc>Click the element identified by ``locator``.</doc>
<msg timestamp="20210925 00:02:59.455" level="INFO">Clicking element 'submit_search'.</msg>
<status status="PASS" starttime="20210925 00:02:59.455" endtime="20210925 00:03:00.570"/>
</kw>
<status status="PASS" starttime="20210925 00:02:59.309" endtime="20210925 00:03:00.571"/>
</kw>
<kw name="Então o produto &quot;Blouse&quot; deve ser listado na página de resultados da busca" sourcename="Então o produto &quot;${PRODUTO}&quot; deve ser listado na página de resultados da busca">
<kw name="Page Should Contain Link" library="SeleniumLibrary">
<arg>//*[@id="center_column"]//a[@class="product-name"][contains(text(),"${PRODUTO}")]</arg>
<doc>Verifies link identified by ``locator`` is found from current page.</doc>
<msg timestamp="20210925 00:03:00.601" level="INFO">Current page contains link '//*[@id="center_column"]//a[@class="product-name"][contains(text(),"Blouse")]'.</msg>
<status status="PASS" starttime="20210925 00:03:00.573" endtime="20210925 00:03:00.601"/>
</kw>
<status status="PASS" starttime="20210925 00:03:00.572" endtime="20210925 00:03:00.601"/>
</kw>
<kw name="Fechar navegador" type="TEARDOWN">
<kw name="Close Browser" library="SeleniumLibrary">
<doc>Closes the current browser.</doc>
<status status="PASS" starttime="20210925 00:03:00.602" endtime="20210925 00:03:02.719"/>
</kw>
<status status="PASS" starttime="20210925 00:03:00.602" endtime="20210925 00:03:02.719"/>
</kw>
<status status="PASS" starttime="20210925 00:02:53.899" endtime="20210925 00:03:02.719"/>
</test>
<test id="s1-t2" name="Caso de Teste 02: Pesquisar produto não existente">
<kw name="Abrir navegador" type="SETUP">
<kw name="Open Browser" library="SeleniumLibrary">
<arg>http://automationpractice.com</arg>
<arg>googlechrome</arg>
<doc>Opens a new browser instance to the optional ``url``.</doc>
<msg timestamp="20210925 00:03:02.719" level="INFO">Opening browser 'googlechrome' to base url 'http://automationpractice.com'.</msg>
<status status="PASS" starttime="20210925 00:03:02.719" endtime="20210925 00:03:07.774"/>
</kw>
<kw name="Maximize Browser Window" library="SeleniumLibrary">
<doc>Maximizes current browser window.</doc>
<status status="PASS" starttime="20210925 00:03:07.774" endtime="20210925 00:03:07.903"/>
</kw>
<status status="PASS" starttime="20210925 00:03:02.719" endtime="20210925 00:03:07.903"/>
</kw>
<kw name="Dado que estou na página home do site">
<kw name="Title Should Be" library="SeleniumLibrary">
<arg>My Store</arg>
<doc>Verifies that the current page title equals ``title``.</doc>
<msg timestamp="20210925 00:03:07.910" level="INFO">Page title is 'My Store'.</msg>
<status status="PASS" starttime="20210925 00:03:07.904" endtime="20210925 00:03:07.910"/>
</kw>
<status status="PASS" starttime="20210925 00:03:07.904" endtime="20210925 00:03:07.910"/>
</kw>
<kw name="Quando eu pesquisar pelo produto &quot;itemNãoExistente&quot;" sourcename="Quando eu pesquisar pelo produto &quot;${PRODUTO}&quot;">
<kw name="Input Text" library="SeleniumLibrary">
<arg>search_query_top</arg>
<arg>${PRODUTO}</arg>
<doc>Types the given ``text`` into the text field identified by ``locator``.</doc>
<msg timestamp="20210925 00:03:07.911" level="INFO">Typing text 'itemNãoExistente' into text field 'search_query_top'.</msg>
<status status="PASS" starttime="20210925 00:03:07.911" endtime="20210925 00:03:08.051"/>
</kw>
<kw name="Click Element" library="SeleniumLibrary">
<arg>submit_search</arg>
<doc>Click the element identified by ``locator``.</doc>
<msg timestamp="20210925 00:03:08.052" level="INFO">Clicking element 'submit_search'.</msg>
<status status="PASS" starttime="20210925 00:03:08.052" endtime="20210925 00:03:09.456"/>
</kw>
<status status="PASS" starttime="20210925 00:03:07.911" endtime="20210925 00:03:09.457"/>
</kw>
<kw name="Então a página deve exibir a mensagem &quot;No results were found for your search &quot;itemNãoExistente&quot;&quot;" sourcename="Então a página deve exibir a mensagem &quot;${MENSAGEM_ALERTA}&quot;">
<kw name="Wait Until Element Is Visible" library="SeleniumLibrary">
<arg>//*[@id="center_column"]/p[@class="alert alert-warning"]</arg>
<doc>Waits until the element ``locator`` is visible.</doc>
<status status="PASS" starttime="20210925 00:03:09.458" endtime="20210925 00:03:09.488"/>
</kw>
<kw name="Element Text Should Be" library="SeleniumLibrary">
<arg>//*[@id="center_column"]/p[@class="alert alert-warning"]</arg>
<arg>${MENSAGEM_ALERTA}</arg>
<doc>Verifies that element ``locator`` contains exact the text ``expected``.</doc>
<msg timestamp="20210925 00:03:09.489" level="INFO">Verifying element '//*[@id="center_column"]/p[@class="alert alert-warning"]' contains exact text 'No results were found for your search "itemNãoExistente"'.</msg>
<status status="PASS" starttime="20210925 00:03:09.488" endtime="20210925 00:03:09.508"/>
</kw>
<status status="PASS" starttime="20210925 00:03:09.457" endtime="20210925 00:03:09.509"/>
</kw>
<kw name="Fechar navegador" type="TEARDOWN">
<kw name="Close Browser" library="SeleniumLibrary">
<doc>Closes the current browser.</doc>
<status status="PASS" starttime="20210925 00:03:09.510" endtime="20210925 00:03:11.639"/>
</kw>
<status status="PASS" starttime="20210925 00:03:09.509" endtime="20210925 00:03:11.639"/>
</kw>
<status status="PASS" starttime="20210925 00:03:02.719" endtime="20210925 00:03:11.639"/>
</test>
<status status="PASS" starttime="20210925 00:02:53.508" endtime="20210925 00:03:11.639"/>
</suite>
<statistics>
<total>
<stat pass="2" fail="0" skip="0">All Tests</stat>
</total>
<tag>
</tag>
<suite>
<stat pass="2" fail="0" skip="0" id="s1" name="TestSitePracticeBDD">TestSitePracticeBDD</stat>
</suite>
</statistics>
<errors>
</errors>
</robot>
